<?xml version="1.0" encoding="UTF-8"?>
<!-- Generated by org.testng.reporters.JUnitXMLReporter -->
<testsuite ignored="0" hostname="FK1089-228715L.local" failures="0" tests="5" name="Surefire test" time="17.867" errors="0" timestamp="2025-12-12T19:12:09 IST">
  <testcase classname="tests.LoginExcelTest" name="loginTest" time="0.589"/>
  <testcase classname="tests.LoginExcelTest" name="loginTest" time="0.564"/>
  <testcase classname="tests.LoginExcelTest" name="loginTest" time="0.677"/>
  <testcase classname="tests.LoginExcelTest" name="loginTest" time="0.512"/>
  <testcase classname="tests.LoginExcelTest" name="loginTest" time="0.466"/>
</testsuite> <!-- Surefire test -->
