<?xml version="1.0" encoding="UTF-8"?>
<!-- Generated by org.testng.reporters.JUnitReportReporter -->
<testsuite hostname="FK1089-228715L.local" failures="0" tests="5" name="tests.LoginExcelTest" time="17.080" errors="0" timestamp="2025-12-12T19:12:09 IST" skipped="0">
  <testcase classname="tests.LoginExcelTest" name="loginTest" time="3.344"/>
  <testcase classname="tests.LoginExcelTest" name="loginTest" time="3.236"/>
  <testcase classname="tests.LoginExcelTest" name="loginTest" time="3.617"/>
  <testcase classname="tests.LoginExcelTest" name="loginTest" time="3.131"/>
  <testcase classname="tests.LoginExcelTest" name="loginTest" time="3.752"/>
</testsuite> <!-- tests.LoginExcelTest -->
