<?xml version="1.0" encoding="UTF-8"?>
<testng-results ignored="0" total="5" passed="5" failed="0" skipped="0">
  <reporter-output>
  </reporter-output>
  <suite started-at="2025-12-12T19:11:51 IST" name="Surefire suite" finished-at="2025-12-12T19:12:09 IST" duration-ms="17867">
    <groups>
    </groups>
    <test started-at="2025-12-12T19:11:51 IST" name="Surefire test" finished-at="2025-12-12T19:12:09 IST" duration-ms="17867">
      <class name="tests.LoginExcelTest">
        <test-method is-config="true" signature="setUp()[pri:0, instance:tests.LoginExcelTest@2b546384]" started-at="2025-12-12T19:11:52 IST" name="setUp" finished-at="2025-12-12T19:11:55 IST" duration-ms="2973" status="PASS">
          <reporter-output>
          </reporter-output>
        </test-method> <!-- setUp -->
        <test-method signature="loginTest(java.lang.String,java.lang.String,java.lang.String)[pri:0, instance:tests.LoginExcelTest@2b546384]" started-at="2025-12-12T19:11:55 IST" name="loginTest" data-provider="LoginExcel" finished-at="2025-12-12T19:11:55 IST" duration-ms="589" status="PASS">
          <params>
            <param index="0">
              <value>
                <![CDATA[standard_user]]>
              </value>
            </param>
            <param index="1">
              <value>
                <![CDATA[secret_sauce]]>
              </value>
            </param>
            <param index="2">
              <value>
                <![CDATA[Products]]>
              </value>
            </param>
          </params>
          <reporter-output>
          </reporter-output>
        </test-method> <!-- loginTest -->
        <test-method is-config="true" signature="tearDown()[pri:0, instance:tests.LoginExcelTest@2b546384]" started-at="2025-12-12T19:11:55 IST" name="tearDown" finished-at="2025-12-12T19:11:56 IST" duration-ms="313" status="PASS">
          <reporter-output>
          </reporter-output>
        </test-method> <!-- tearDown -->
        <test-method is-config="true" signature="setUp()[pri:0, instance:tests.LoginExcelTest@2b546384]" started-at="2025-12-12T19:11:56 IST" name="setUp" finished-at="2025-12-12T19:11:58 IST" duration-ms="2263" status="PASS">
          <reporter-output>
          </reporter-output>
        </test-method> <!-- setUp -->
        <test-method signature="loginTest(java.lang.String,java.lang.String,java.lang.String)[pri:0, instance:tests.LoginExcelTest@2b546384]" started-at="2025-12-12T19:11:58 IST" name="loginTest" data-provider="LoginExcel" finished-at="2025-12-12T19:11:59 IST" duration-ms="564" status="PASS">
          <params>
            <param index="0">
              <value>
                <![CDATA[problem_user]]>
              </value>
            </param>
            <param index="1">
              <value>
                <![CDATA[fgergregrg]]>
              </value>
            </param>
            <param index="2">
              <value>
                <![CDATA[Epic sadface: Username and password do not match any user in this service]]>
              </value>
            </param>
          </params>
          <reporter-output>
          </reporter-output>
        </test-method> <!-- loginTest -->
        <test-method is-config="true" signature="tearDown()[pri:0, instance:tests.LoginExcelTest@2b546384]" started-at="2025-12-12T19:11:59 IST" name="tearDown" finished-at="2025-12-12T19:11:59 IST" duration-ms="404" status="PASS">
          <reporter-output>
          </reporter-output>
        </test-method> <!-- tearDown -->
        <test-method is-config="true" signature="setUp()[pri:0, instance:tests.LoginExcelTest@2b546384]" started-at="2025-12-12T19:11:59 IST" name="setUp" finished-at="2025-12-12T19:12:01 IST" duration-ms="2391" status="PASS">
          <reporter-output>
          </reporter-output>
        </test-method> <!-- setUp -->
        <test-method signature="loginTest(java.lang.String,java.lang.String,java.lang.String)[pri:0, instance:tests.LoginExcelTest@2b546384]" started-at="2025-12-12T19:12:01 IST" name="loginTest" data-provider="LoginExcel" finished-at="2025-12-12T19:12:02 IST" duration-ms="677" status="PASS">
          <params>
            <param index="0">
              <value>
                <![CDATA[standard_user]]>
              </value>
            </param>
            <param index="1">
              <value>
                <![CDATA[]]>
              </value>
            </param>
            <param index="2">
              <value>
                <![CDATA[Epic sadface: Password is required]]>
              </value>
            </param>
          </params>
          <reporter-output>
          </reporter-output>
        </test-method> <!-- loginTest -->
        <test-method is-config="true" signature="tearDown()[pri:0, instance:tests.LoginExcelTest@2b546384]" started-at="2025-12-12T19:12:02 IST" name="tearDown" finished-at="2025-12-12T19:12:02 IST" duration-ms="351" status="PASS">
          <reporter-output>
          </reporter-output>
        </test-method> <!-- tearDown -->
        <test-method is-config="true" signature="setUp()[pri:0, instance:tests.LoginExcelTest@2b546384]" started-at="2025-12-12T19:12:02 IST" name="setUp" finished-at="2025-12-12T19:12:05 IST" duration-ms="2702" status="PASS">
          <reporter-output>
          </reporter-output>
        </test-method> <!-- setUp -->
        <test-method signature="loginTest(java.lang.String,java.lang.String,java.lang.String)[pri:0, instance:tests.LoginExcelTest@2b546384]" started-at="2025-12-12T19:12:05 IST" name="loginTest" data-provider="LoginExcel" finished-at="2025-12-12T19:12:06 IST" duration-ms="512" status="PASS">
          <params>
            <param index="0">
              <value>
                <![CDATA[]]>
              </value>
            </param>
            <param index="1">
              <value>
                <![CDATA[secret_sauce]]>
              </value>
            </param>
            <param index="2">
              <value>
                <![CDATA[Epic sadface: Username is required]]>
              </value>
            </param>
          </params>
          <reporter-output>
          </reporter-output>
        </test-method> <!-- loginTest -->
        <test-method is-config="true" signature="tearDown()[pri:0, instance:tests.LoginExcelTest@2b546384]" started-at="2025-12-12T19:12:06 IST" name="tearDown" finished-at="2025-12-12T19:12:06 IST" duration-ms="403" status="PASS">
          <reporter-output>
          </reporter-output>
        </test-method> <!-- tearDown -->
        <test-method is-config="true" signature="setUp()[pri:0, instance:tests.LoginExcelTest@2b546384]" started-at="2025-12-12T19:12:06 IST" name="setUp" finished-at="2025-12-12T19:12:08 IST" duration-ms="2244" status="PASS">
          <reporter-output>
          </reporter-output>
        </test-method> <!-- setUp -->
        <test-method signature="loginTest(java.lang.String,java.lang.String,java.lang.String)[pri:0, instance:tests.LoginExcelTest@2b546384]" started-at="2025-12-12T19:12:08 IST" name="loginTest" data-provider="LoginExcel" finished-at="2025-12-12T19:12:09 IST" duration-ms="466" status="PASS">
          <params>
            <param index="0">
              <value>
                <![CDATA[locked_out_user]]>
              </value>
            </param>
            <param index="1">
              <value>
                <![CDATA[secret_sauce]]>
              </value>
            </param>
            <param index="2">
              <value>
                <![CDATA[Epic sadface: Sorry, this user has been locked out.]]>
              </value>
            </param>
          </params>
          <reporter-output>
          </reporter-output>
        </test-method> <!-- loginTest -->
        <test-method is-config="true" signature="tearDown()[pri:0, instance:tests.LoginExcelTest@2b546384]" started-at="2025-12-12T19:12:09 IST" name="tearDown" finished-at="2025-12-12T19:12:09 IST" duration-ms="228" status="PASS">
          <reporter-output>
          </reporter-output>
        </test-method> <!-- tearDown -->
      </class> <!-- tests.LoginExcelTest -->
    </test> <!-- Surefire test -->
  </suite> <!-- Surefire suite -->
</testng-results>
